2025-08-17 11:21:39,928 - __main__ - INFO - Running integration tests...
2025-08-17 11:21:39,928 - __main__ - INFO - Checking dependencies...
2025-08-17 11:21:40,706 - __main__ - ERROR - Missing packages: flask, pyyaml, paramiko
2025-08-17 11:21:40,707 - __main__ - INFO - Install missing packages with: pip install flask pyyaml paramiko
2025-08-17 11:21:40,707 - __main__ - INFO - Testing HTTP honeypot...
2025-08-17 11:21:40,863 - __main__ - ERROR - HTTP honeypot test failed: Traceback (most recent call last):
  File "D:\College Material\Sem 7\Khud ke Projects\Digital twin honeynet for adversarial fingerprinting\honeypot\http_honeypot.py", line 18, in <module>
    from flask import Flask, request, Response, jsonify, render_template_string
ModuleNotFoundError: No module named 'flask'

2025-08-17 11:21:40,869 - __main__ - INFO - Testing HTTP router...
2025-08-17 11:21:41,034 - __main__ - ERROR - HTTP router test failed: Traceback (most recent call last):
  File "D:\College Material\Sem 7\Khud ke Projects\Digital twin honeynet for adversarial fingerprinting\honeypot\http_router.py", line 12, in <module>
    from flask import Flask, request, Response, redirect
ModuleNotFoundError: No module named 'flask'

2025-08-17 11:21:41,036 - __main__ - INFO - Generating Docker configuration files...
2025-08-17 11:21:41,045 - __main__ - INFO - Updating logging pipeline...
2025-08-17 11:21:41,055 - __main__ - INFO - Will create honeypot/http_honeypot.json when honeypot runs
2025-08-17 11:21:41,056 - __main__ - INFO - Will create honeypot/http_honeypot.log when honeypot runs
2025-08-17 11:21:41,056 - __main__ - INFO - Will create honeypot/router.log when honeypot runs
2025-08-17 11:21:41,056 - __main__ - INFO - Creating startup script...
2025-08-17 11:21:41,060 - __main__ - INFO - Integration tests: 3/6 passed
2025-08-17 11:26:36,287 - __main__ - INFO - Running integration tests...
2025-08-17 11:26:36,287 - __main__ - INFO - Checking dependencies...
2025-08-17 11:26:37,686 - __main__ - ERROR - Missing packages: flask, pyyaml, paramiko
2025-08-17 11:26:37,686 - __main__ - INFO - Install missing packages with: pip install flask pyyaml paramiko
2025-08-17 11:26:37,686 - __main__ - INFO - Testing HTTP honeypot...
2025-08-17 11:26:37,891 - __main__ - ERROR - HTTP honeypot test failed: Traceback (most recent call last):
  File "D:\College Material\Sem 7\Khud ke Projects\Digital twin honeynet for adversarial fingerprinting\honeypot\http_honeypot.py", line 18, in <module>
    from flask import Flask, request, Response, jsonify, render_template_string
ModuleNotFoundError: No module named 'flask'

2025-08-17 11:26:37,891 - __main__ - INFO - Testing HTTP router...
2025-08-17 11:26:38,084 - __main__ - ERROR - HTTP router test failed: Traceback (most recent call last):
  File "D:\College Material\Sem 7\Khud ke Projects\Digital twin honeynet for adversarial fingerprinting\honeypot\http_router.py", line 12, in <module>
    from flask import Flask, request, Response, redirect
ModuleNotFoundError: No module named 'flask'

2025-08-17 11:26:38,085 - __main__ - INFO - Generating Docker configuration files...
2025-08-17 11:26:38,093 - __main__ - INFO - Updating logging pipeline...
2025-08-17 11:26:38,128 - __main__ - INFO - Will create honeypot/http_honeypot.json when honeypot runs
2025-08-17 11:26:38,128 - __main__ - INFO - Will create honeypot/http_honeypot.log when honeypot runs
2025-08-17 11:26:38,129 - __main__ - INFO - Will create honeypot/router.log when honeypot runs
2025-08-17 11:26:38,129 - __main__ - INFO - Creating startup script...
2025-08-17 11:26:38,135 - __main__ - INFO - Integration tests: 3/6 passed
2025-08-17 11:27:12,971 - __main__ - INFO - Running integration tests...
2025-08-17 11:27:12,975 - __main__ - INFO - Checking dependencies...
2025-08-17 11:27:24,368 - __main__ - ERROR - Missing packages: pyyaml
2025-08-17 11:27:24,368 - __main__ - INFO - Install missing packages with: pip install pyyaml
2025-08-17 11:27:24,370 - __main__ - INFO - Testing HTTP honeypot...
2025-08-17 11:27:54,412 - __main__ - INFO - Testing HTTP router...
2025-08-17 11:28:24,458 - __main__ - INFO - Generating Docker configuration files...
2025-08-17 11:28:24,467 - __main__ - INFO - Updating logging pipeline...
2025-08-17 11:28:24,474 - __main__ - INFO - Will create honeypot/http_honeypot.json when honeypot runs
2025-08-17 11:28:24,479 - __main__ - INFO - Will create honeypot/router.log when honeypot runs
2025-08-17 11:28:24,479 - __main__ - INFO - Creating startup script...
2025-08-17 11:28:24,483 - __main__ - INFO - Integration tests: 5/6 passed
2025-08-17 11:28:48,363 - __main__ - INFO - Running integration tests...
2025-08-17 11:28:48,363 - __main__ - INFO - Checking dependencies...
2025-08-17 11:28:49,927 - __main__ - INFO - All dependencies are installed
2025-08-17 11:28:49,927 - __main__ - INFO - Testing HTTP honeypot...
